Command line:
   vgacard_tb_isim_beh.exe
     -simmode  gui
     -simrunnum  0
     -socket  5566

Sat Aug 19 20:10:39 2017


 Elaboration Time: 0.0468 sec

 Current Memory Usage: 671.916 Meg

 Total Signals          : 381
 Total Nets             : 1739
 Total Signal Drivers   : 146
 Total Blocks           : 21
 Total Primitive Blocks : 15
 Total Processes        : 86
 Total Traceable Variables  : 35
 Total Scalar Nets and Variables : 10451
Total Line Count : 468

 Total Simulation Time: 10.2181 sec

 Current Memory Usage: 829.202 Meg

Sat Aug 19 20:12:38 2017

